<?xml version="1.0" encoding="UTF-8" ?>
<testsuite failures="0" time="1.378" errors="0" skipped="0" tests="2" name="me.rest.client.HelloWorldIT">
  <properties>
    <property name="java.runtime.name" value="OpenJDK Runtime Environment"/>
    <property name="sun.boot.library.path" value="/usr/lib/jvm/java-7-openjdk-amd64/jre/lib/amd64"/>
    <property name="java.vm.version" value="24.91-b01"/>
    <property name="java.vm.vendor" value="Oracle Corporation"/>
    <property name="java.vendor.url" value="http://java.oracle.com/"/>
    <property name="path.separator" value=":"/>
    <property name="java.vm.name" value="OpenJDK 64-Bit Server VM"/>
    <property name="file.encoding.pkg" value="sun.io"/>
    <property name="user.country" value="GB"/>
    <property name="sun.java.launcher" value="SUN_STANDARD"/>
    <property name="sun.os.patch.level" value="unknown"/>
    <property name="java.vm.specification.name" value="Java Virtual Machine Specification"/>
    <property name="user.dir" value="/home/hshivaraj/Company/tryout/httpclient/restclient"/>
    <property name="java.runtime.version" value="1.7.0_91-b02"/>
    <property name="java.awt.graphicsenv" value="sun.awt.X11GraphicsEnvironment"/>
    <property name="basedir" value="/home/hshivaraj/Company/tryout/httpclient/restclient"/>
    <property name="java.endorsed.dirs" value="/usr/lib/jvm/java-7-openjdk-amd64/jre/lib/endorsed"/>
    <property name="os.arch" value="amd64"/>
    <property name="surefire.real.class.path" value="/home/hshivaraj/Company/tryout/httpclient/restclient/target/surefire/surefirebooter3640367061467221415.jar"/>
    <property name="java.io.tmpdir" value="/tmp"/>
    <property name="line.separator" value="
"/>
    <property name="java.vm.specification.vendor" value="Oracle Corporation"/>
    <property name="os.name" value="Linux"/>
    <property name="sun.jnu.encoding" value="UTF-8"/>
    <property name="java.library.path" value="/usr/java/packages/lib/amd64:/usr/lib/x86_64-linux-gnu/jni:/lib/x86_64-linux-gnu:/usr/lib/x86_64-linux-gnu:/usr/lib/jni:/lib:/usr/lib"/>
    <property name="surefire.test.class.path" value="/home/hshivaraj/Company/tryout/httpclient/restclient/target/test-classes:/home/hshivaraj/Company/tryout/httpclient/restclient/target/classes:/home/hshivaraj/.m2/repository/org/apache/cxf/cxf-rt-frontend-jaxrs/3.1.4/cxf-rt-frontend-jaxrs-3.1.4.jar:/home/hshivaraj/.m2/repository/org/apache/cxf/cxf-core/3.1.4/cxf-core-3.1.4.jar:/home/hshivaraj/.m2/repository/org/codehaus/woodstox/woodstox-core-asl/4.4.1/woodstox-core-asl-4.4.1.jar:/home/hshivaraj/.m2/repository/org/codehaus/woodstox/stax2-api/3.1.4/stax2-api-3.1.4.jar:/home/hshivaraj/.m2/repository/org/apache/ws/xmlschema/xmlschema-core/2.2.1/xmlschema-core-2.2.1.jar:/home/hshivaraj/.m2/repository/javax/ws/rs/javax.ws.rs-api/2.0.1/javax.ws.rs-api-2.0.1.jar:/home/hshivaraj/.m2/repository/javax/annotation/javax.annotation-api/1.2/javax.annotation-api-1.2.jar:/home/hshivaraj/.m2/repository/org/apache/cxf/cxf-rt-transports-http/3.1.4/cxf-rt-transports-http-3.1.4.jar:/home/hshivaraj/.m2/repository/org/apache/cxf/cxf-rt-rs-client/3.1.4/cxf-rt-rs-client-3.1.4.jar:/home/hshivaraj/.m2/repository/org/codehaus/jackson/jackson-core-asl/1.8.6/jackson-core-asl-1.8.6.jar:/home/hshivaraj/.m2/repository/org/codehaus/jackson/jackson-mapper-asl/1.8.6/jackson-mapper-asl-1.8.6.jar:/home/hshivaraj/.m2/repository/org/codehaus/jackson/jackson-jaxrs/1.8.6/jackson-jaxrs-1.8.6.jar:/home/hshivaraj/.m2/repository/org/springframework/spring-web/4.1.7.RELEASE/spring-web-4.1.7.RELEASE.jar:/home/hshivaraj/.m2/repository/org/springframework/spring-aop/4.1.7.RELEASE/spring-aop-4.1.7.RELEASE.jar:/home/hshivaraj/.m2/repository/aopalliance/aopalliance/1.0/aopalliance-1.0.jar:/home/hshivaraj/.m2/repository/org/springframework/spring-beans/4.1.7.RELEASE/spring-beans-4.1.7.RELEASE.jar:/home/hshivaraj/.m2/repository/org/springframework/spring-context/4.1.7.RELEASE/spring-context-4.1.7.RELEASE.jar:/home/hshivaraj/.m2/repository/org/springframework/spring-expression/4.1.7.RELEASE/spring-expression-4.1.7.RELEASE.jar:/home/hshivaraj/.m2/repository/org/springframework/spring-core/4.1.7.RELEASE/spring-core-4.1.7.RELEASE.jar:/home/hshivaraj/.m2/repository/commons-logging/commons-logging/1.2/commons-logging-1.2.jar:/home/hshivaraj/.m2/repository/junit/junit/4.12/junit-4.12.jar:/home/hshivaraj/.m2/repository/org/hamcrest/hamcrest-core/1.3/hamcrest-core-1.3.jar:"/>
    <property name="java.specification.name" value="Java Platform API Specification"/>
    <property name="java.class.version" value="51.0"/>
    <property name="sun.management.compiler" value="HotSpot 64-Bit Tiered Compilers"/>
    <property name="os.version" value="4.2.0-21-generic"/>
    <property name="user.home" value="/home/hshivaraj"/>
    <property name="user.timezone" value="Europe/London"/>
    <property name="java.awt.printerjob" value="sun.print.PSPrinterJob"/>
    <property name="file.encoding" value="UTF-8"/>
    <property name="java.specification.version" value="1.7"/>
    <property name="user.name" value="hshivaraj"/>
    <property name="java.class.path" value="/home/hshivaraj/Company/tryout/httpclient/restclient/target/test-classes:/home/hshivaraj/Company/tryout/httpclient/restclient/target/classes:/home/hshivaraj/.m2/repository/org/apache/cxf/cxf-rt-frontend-jaxrs/3.1.4/cxf-rt-frontend-jaxrs-3.1.4.jar:/home/hshivaraj/.m2/repository/org/apache/cxf/cxf-core/3.1.4/cxf-core-3.1.4.jar:/home/hshivaraj/.m2/repository/org/codehaus/woodstox/woodstox-core-asl/4.4.1/woodstox-core-asl-4.4.1.jar:/home/hshivaraj/.m2/repository/org/codehaus/woodstox/stax2-api/3.1.4/stax2-api-3.1.4.jar:/home/hshivaraj/.m2/repository/org/apache/ws/xmlschema/xmlschema-core/2.2.1/xmlschema-core-2.2.1.jar:/home/hshivaraj/.m2/repository/javax/ws/rs/javax.ws.rs-api/2.0.1/javax.ws.rs-api-2.0.1.jar:/home/hshivaraj/.m2/repository/javax/annotation/javax.annotation-api/1.2/javax.annotation-api-1.2.jar:/home/hshivaraj/.m2/repository/org/apache/cxf/cxf-rt-transports-http/3.1.4/cxf-rt-transports-http-3.1.4.jar:/home/hshivaraj/.m2/repository/org/apache/cxf/cxf-rt-rs-client/3.1.4/cxf-rt-rs-client-3.1.4.jar:/home/hshivaraj/.m2/repository/org/codehaus/jackson/jackson-core-asl/1.8.6/jackson-core-asl-1.8.6.jar:/home/hshivaraj/.m2/repository/org/codehaus/jackson/jackson-mapper-asl/1.8.6/jackson-mapper-asl-1.8.6.jar:/home/hshivaraj/.m2/repository/org/codehaus/jackson/jackson-jaxrs/1.8.6/jackson-jaxrs-1.8.6.jar:/home/hshivaraj/.m2/repository/org/springframework/spring-web/4.1.7.RELEASE/spring-web-4.1.7.RELEASE.jar:/home/hshivaraj/.m2/repository/org/springframework/spring-aop/4.1.7.RELEASE/spring-aop-4.1.7.RELEASE.jar:/home/hshivaraj/.m2/repository/aopalliance/aopalliance/1.0/aopalliance-1.0.jar:/home/hshivaraj/.m2/repository/org/springframework/spring-beans/4.1.7.RELEASE/spring-beans-4.1.7.RELEASE.jar:/home/hshivaraj/.m2/repository/org/springframework/spring-context/4.1.7.RELEASE/spring-context-4.1.7.RELEASE.jar:/home/hshivaraj/.m2/repository/org/springframework/spring-expression/4.1.7.RELEASE/spring-expression-4.1.7.RELEASE.jar:/home/hshivaraj/.m2/repository/org/springframework/spring-core/4.1.7.RELEASE/spring-core-4.1.7.RELEASE.jar:/home/hshivaraj/.m2/repository/commons-logging/commons-logging/1.2/commons-logging-1.2.jar:/home/hshivaraj/.m2/repository/junit/junit/4.12/junit-4.12.jar:/home/hshivaraj/.m2/repository/org/hamcrest/hamcrest-core/1.3/hamcrest-core-1.3.jar:"/>
    <property name="java.vm.specification.version" value="1.7"/>
    <property name="sun.arch.data.model" value="64"/>
    <property name="java.home" value="/usr/lib/jvm/java-7-openjdk-amd64/jre"/>
    <property name="sun.java.command" value="/home/hshivaraj/Company/tryout/httpclient/restclient/target/surefire/surefirebooter3640367061467221415.jar /home/hshivaraj/Company/tryout/httpclient/restclient/target/surefire/surefire7385284396432558815tmp /home/hshivaraj/Company/tryout/httpclient/restclient/target/surefire/surefire6066446985458328751tmp"/>
    <property name="service.url" value="http://localhost:46239/jaxrs-service"/>
    <property name="java.specification.vendor" value="Oracle Corporation"/>
    <property name="user.language" value="en"/>
    <property name="awt.toolkit" value="sun.awt.X11.XToolkit"/>
    <property name="java.vm.info" value="mixed mode"/>
    <property name="java.version" value="1.7.0_91"/>
    <property name="java.ext.dirs" value="/usr/lib/jvm/java-7-openjdk-amd64/jre/lib/ext:/usr/java/packages/lib/ext"/>
    <property name="sun.boot.class.path" value="/usr/lib/jvm/java-7-openjdk-amd64/jre/lib/resources.jar:/usr/lib/jvm/java-7-openjdk-amd64/jre/lib/rt.jar:/usr/lib/jvm/java-7-openjdk-amd64/jre/lib/sunrsasign.jar:/usr/lib/jvm/java-7-openjdk-amd64/jre/lib/jsse.jar:/usr/lib/jvm/java-7-openjdk-amd64/jre/lib/jce.jar:/usr/lib/jvm/java-7-openjdk-amd64/jre/lib/charsets.jar:/usr/lib/jvm/java-7-openjdk-amd64/jre/lib/rhino.jar:/usr/lib/jvm/java-7-openjdk-amd64/jre/lib/jfr.jar:/usr/lib/jvm/java-7-openjdk-amd64/jre/classes"/>
    <property name="java.vendor" value="Oracle Corporation"/>
    <property name="localRepository" value="/home/hshivaraj/.m2/repository"/>
    <property name="file.separator" value="/"/>
    <property name="java.vendor.url.bug" value="http://bugreport.sun.com/bugreport/"/>
    <property name="sun.cpu.endian" value="little"/>
    <property name="sun.io.unicode.encoding" value="UnicodeLittle"/>
    <property name="sun.cpu.isalist" value=""/>
  </properties>
  <testcase time="1.241" classname="me.rest.client.HelloWorldIT" name="testJsonRoundtrip"/>
  <testcase time="0.032" classname="me.rest.client.HelloWorldIT" name="testPing"/>
</testsuite>